timestamp: 2011-01-07T14:54:44.395265
CREATE TABLE auth_user(
    id INTEGER PRIMARY KEY AUTOINCREMENT,
    first_name CHAR(128),
    last_name CHAR(128),
    email CHAR(512),
    password CHAR(512),
    registration_key CHAR(512),
    reset_password_key CHAR(512)
);
success!
timestamp: 2011-01-07T14:54:44.525766
CREATE TABLE auth_group(
    id INTEGER PRIMARY KEY AUTOINCREMENT,
    role CHAR(512),
    description TEXT
);
success!
timestamp: 2011-01-07T14:54:44.612873
CREATE TABLE auth_membership(
    id INTEGER PRIMARY KEY AUTOINCREMENT,
    user_id INTEGER REFERENCES auth_user(id) ON DELETE CASCADE,
    group_id INTEGER REFERENCES auth_group(id) ON DELETE CASCADE
);
success!
timestamp: 2011-01-07T14:54:44.716392
CREATE TABLE auth_permission(
    id INTEGER PRIMARY KEY AUTOINCREMENT,
    group_id INTEGER REFERENCES auth_group(id) ON DELETE CASCADE,
    name CHAR(512),
    table_name CHAR(512),
    record_id INTEGER
);
success!
timestamp: 2011-01-07T14:54:44.814461
CREATE TABLE auth_event(
    id INTEGER PRIMARY KEY AUTOINCREMENT,
    time_stamp TIMESTAMP,
    client_ip CHAR(512),
    user_id INTEGER REFERENCES auth_user(id) ON DELETE CASCADE,
    origin CHAR(512),
    description TEXT
);
success!
timestamp: 2011-01-07T14:54:44.921381
CREATE TABLE pessoa(
    id INTEGER PRIMARY KEY AUTOINCREMENT,
    nome CHAR(512),
    telefone CHAR(512)
);
success!
timestamp: 2011-01-07T23:00:34.824722
CREATE TABLE person(
    id INTEGER PRIMARY KEY AUTOINCREMENT,
    name CHAR(512),
    phone CHAR(512),
    email CHAR(512)
);
success!
timestamp: 2011-01-25T23:37:43.390439
CREATE TABLE favorite_music(
    id INTEGER PRIMARY KEY AUTOINCREMENT,
    person INTEGER REFERENCES person(id) ON DELETE CASCADE,
    title CHAR(512),
    artist CHAR(512)
);
success!
